<?xml version="1.0" encoding="UTF-8"?>
<beans xmlns="http://www.springframework.org/schema/beans"
       xmlns:xsi="http://www.w3.org/2001/XMLSchema-instance" xmlns:context="http://www.springframework.org/schema/context"
       xsi:schemaLocation="
        http://www.springframework.org/schema/beans http://www.springframework.org/schema/beans/spring-beans.xsd
        http://www.springframework.org/schema/context http://www.springframework.org/schema/context/spring-context.xsd
    ">

    <!-- Turn on AspectJ @Configurable support -->
    <context:spring-configured />
    <context:annotation-config />
    <context:component-scan base-package="fi.zcode.remoting" />

    <!-- Turn on @Autowired, @PostConstruct etc support -->
    <bean class="org.springframework.beans.factory.annotation.AutowiredAnnotationBeanPostProcessor" />
    <bean class="org.springframework.context.annotation.CommonAnnotationBeanPostProcessor" />

    <!--
      Define the remote service, change the service uri if it's somewhere else
    -->
    <bean id="testUIService" class="org.springframework.remoting.httpinvoker.HttpInvokerProxyFactoryBean">
        <property name="serviceUrl" value="http://localhost:8080/remotingserver/remoting/TestUIService"/>
        <property name="serviceInterface" value="fi.zcode.remoting.TestUIService"/>
    </bean>

</beans>
